[main 33f50ca] radar guncelleme 2026-06-29 03:00
 1 file changed, 1 insertion(+), 1 deletion(-)
JSON yazildi: 50 kayit
PUSH: 0
To https://github.com/muharremdemirhan-cmd/radae.git
   ea0d55d..33f50ca  main -> main

[main fc9a611] radar guncelleme 2026-06-30 03:00
 1 file changed, 1 insertion(+), 1 deletion(-)
JSON yazildi: 50 kayit
PUSH: 0
To https://github.com/muharremdemirhan-cmd/radae.git
   33f50ca..fc9a611  main -> main

[main a82448a] radar guncelleme 2026-07-01 03:00
 1 file changed, 1 insertion(+), 1 deletion(-)
JSON yazildi: 50 kayit
PUSH: 0
To https://github.com/muharremdemirhan-cmd/radae.git
   fc9a611..a82448a  main -> main

[main 3e847e9] radar guncelleme 2026-07-02 03:00
 1 file changed, 1 insertion(+), 1 deletion(-)
JSON yazildi: 50 kayit
PUSH: 0
To https://github.com/muharremdemirhan-cmd/radae.git
   a82448a..3e847e9  main -> main

[main cd1af12] radar guncelleme 2026-07-03 03:00
 1 file changed, 1 insertion(+), 1 deletion(-)
JSON yazildi: 50 kayit
PUSH: 0
To https://github.com/muharremdemirhan-cmd/radae.git
   3e847e9..cd1af12  main -> main

